<?xml version="1.0" encoding="UTF-8"?>
<robot generator="Robot 6.1 (Python 3.11.4 on win32)" generated="20230709 20:39:51.142" rpa="false" schemaversion="4">
<suite id="s1" name="Primer Test" source="C:\Users\endor\OneDrive\Documentos\introduccion_robot\principiante\primer_test.robot">
<test id="s1-t1" name="Abrir Página en Microsoft Edge" line="9">
<kw name="Open Browser" library="SeleniumLibrary">
<arg>https://developer.microsoft.com/es-es/microsoft-edge/tools/webdriver/</arg>
<arg>${Navegador}</arg>
<doc>Opens a new browser instance to the optional ``url``.</doc>
<msg timestamp="20230709 20:39:51.295" level="FAIL">Variable '${Navegador}' not found.</msg>
<status status="FAIL" starttime="20230709 20:39:51.294" endtime="20230709 20:39:51.295"/>
</kw>
<kw name="Click Element" library="SeleniumLibrary">
<arg>id=boton-submit</arg>
<doc>Click the element identified by ``locator``.</doc>
<status status="NOT RUN" starttime="20230709 20:39:51.295" endtime="20230709 20:39:51.295"/>
</kw>
<kw name="Close Browser" library="SeleniumLibrary">
<doc>Closes the current browser.</doc>
<status status="NOT RUN" starttime="20230709 20:39:51.295" endtime="20230709 20:39:51.295"/>
</kw>
<status status="FAIL" starttime="20230709 20:39:51.294" endtime="20230709 20:39:51.295">Variable '${Navegador}' not found.</status>
</test>
<status status="FAIL" starttime="20230709 20:39:51.143" endtime="20230709 20:39:51.296"/>
</suite>
<statistics>
<total>
<stat pass="0" fail="1" skip="0">All Tests</stat>
</total>
<tag>
</tag>
<suite>
<stat pass="0" fail="1" skip="0" id="s1" name="Primer Test">Primer Test</stat>
</suite>
</statistics>
<errors>
<msg timestamp="20230709 20:39:51.143" level="ERROR">Error in file 'C:\Users\endor\OneDrive\Documentos\introduccion_robot\principiante\primer_test.robot' on line 5: Setting variable '${Navegador} ./msedgedriver.exe' failed: Invalid variable name '${Navegador} ./msedgedriver.exe'.</msg>
</errors>
</robot>
